/home/ubuntu/grade_management/app.py:1
from flask import Flask, render_template, request, redirect, url_for, session, flash
     ^^^^^

SyntaxError: Unexpected identifier 'flask'
    at wrapSafe (node:internal/modules/cjs/loader:1464:18)
    at Module._compile (node:internal/modules/cjs/loader:1495:20)
    at Module._extensions..js (node:internal/modules/cjs/loader:1623:10)
    at Module.load (node:internal/modules/cjs/loader:1266:32)
    at Module._load (node:internal/modules/cjs/loader:1091:12)
    at /usr/lib/node_modules/pm2/lib/ProcessContainer.js:292:27
    at wrapper (/usr/lib/node_modules/pm2/node_modules/async/internal/once.js:12:16)
    at next (/usr/lib/node_modules/pm2/node_modules/async/waterfall.js:96:20)
    at /usr/lib/node_modules/pm2/node_modules/async/internal/onlyOnce.js:12:16
    at WriteStream.<anonymous> (/usr/lib/node_modules/pm2/lib/Utility.js:186:13)
/home/ubuntu/grade_management/app.py:1
from flask import Flask, render_template, request, redirect, url_for, session, flash
     ^^^^^

SyntaxError: Unexpected identifier 'flask'
    at wrapSafe (node:internal/modules/cjs/loader:1464:18)
    at Module._compile (node:internal/modules/cjs/loader:1495:20)
    at Module._extensions..js (node:internal/modules/cjs/loader:1623:10)
    at Module.load (node:internal/modules/cjs/loader:1266:32)
    at Module._load (node:internal/modules/cjs/loader:1091:12)
    at /usr/lib/node_modules/pm2/lib/ProcessContainer.js:292:27
    at wrapper (/usr/lib/node_modules/pm2/node_modules/async/internal/once.js:12:16)
    at next (/usr/lib/node_modules/pm2/node_modules/async/waterfall.js:96:20)
    at /usr/lib/node_modules/pm2/node_modules/async/internal/onlyOnce.js:12:16
    at WriteStream.<anonymous> (/usr/lib/node_modules/pm2/lib/Utility.js:186:13)
/home/ubuntu/grade_management/app.py:1
from flask import Flask, render_template, request, redirect, url_for, session, flash
     ^^^^^

SyntaxError: Unexpected identifier 'flask'
    at wrapSafe (node:internal/modules/cjs/loader:1464:18)
    at Module._compile (node:internal/modules/cjs/loader:1495:20)
    at Module._extensions..js (node:internal/modules/cjs/loader:1623:10)
    at Module.load (node:internal/modules/cjs/loader:1266:32)
    at Module._load (node:internal/modules/cjs/loader:1091:12)
    at /usr/lib/node_modules/pm2/lib/ProcessContainer.js:292:27
    at wrapper (/usr/lib/node_modules/pm2/node_modules/async/internal/once.js:12:16)
    at next (/usr/lib/node_modules/pm2/node_modules/async/waterfall.js:96:20)
    at /usr/lib/node_modules/pm2/node_modules/async/internal/onlyOnce.js:12:16
    at WriteStream.<anonymous> (/usr/lib/node_modules/pm2/lib/Utility.js:186:13)
/home/ubuntu/grade_management/app.py:1
from flask import Flask, render_template, request, redirect, url_for, session, flash
     ^^^^^

SyntaxError: Unexpected identifier 'flask'
    at wrapSafe (node:internal/modules/cjs/loader:1464:18)
    at Module._compile (node:internal/modules/cjs/loader:1495:20)
    at Module._extensions..js (node:internal/modules/cjs/loader:1623:10)
    at Module.load (node:internal/modules/cjs/loader:1266:32)
    at Module._load (node:internal/modules/cjs/loader:1091:12)
    at /usr/lib/node_modules/pm2/lib/ProcessContainer.js:292:27
    at wrapper (/usr/lib/node_modules/pm2/node_modules/async/internal/once.js:12:16)
    at next (/usr/lib/node_modules/pm2/node_modules/async/waterfall.js:96:20)
    at /usr/lib/node_modules/pm2/node_modules/async/internal/onlyOnce.js:12:16
    at WriteStream.<anonymous> (/usr/lib/node_modules/pm2/lib/Utility.js:186:13)
/home/ubuntu/grade_management/app.py:1
from flask import Flask, render_template, request, redirect, url_for, session, flash
     ^^^^^

SyntaxError: Unexpected identifier 'flask'
    at wrapSafe (node:internal/modules/cjs/loader:1464:18)
    at Module._compile (node:internal/modules/cjs/loader:1495:20)
    at Module._extensions..js (node:internal/modules/cjs/loader:1623:10)
    at Module.load (node:internal/modules/cjs/loader:1266:32)
    at Module._load (node:internal/modules/cjs/loader:1091:12)
    at /usr/lib/node_modules/pm2/lib/ProcessContainer.js:292:27
    at wrapper (/usr/lib/node_modules/pm2/node_modules/async/internal/once.js:12:16)
    at next (/usr/lib/node_modules/pm2/node_modules/async/waterfall.js:96:20)
    at /usr/lib/node_modules/pm2/node_modules/async/internal/onlyOnce.js:12:16
    at WriteStream.<anonymous> (/usr/lib/node_modules/pm2/lib/Utility.js:186:13)
/home/ubuntu/grade_management/app.py:1
from flask import Flask, render_template, request, redirect, url_for, session, flash
     ^^^^^

SyntaxError: Unexpected identifier 'flask'
    at wrapSafe (node:internal/modules/cjs/loader:1464:18)
    at Module._compile (node:internal/modules/cjs/loader:1495:20)
    at Module._extensions..js (node:internal/modules/cjs/loader:1623:10)
    at Module.load (node:internal/modules/cjs/loader:1266:32)
    at Module._load (node:internal/modules/cjs/loader:1091:12)
    at /usr/lib/node_modules/pm2/lib/ProcessContainer.js:292:27
    at wrapper (/usr/lib/node_modules/pm2/node_modules/async/internal/once.js:12:16)
    at next (/usr/lib/node_modules/pm2/node_modules/async/waterfall.js:96:20)
    at /usr/lib/node_modules/pm2/node_modules/async/internal/onlyOnce.js:12:16
    at WriteStream.<anonymous> (/usr/lib/node_modules/pm2/lib/Utility.js:186:13)
/home/ubuntu/grade_management/app.py:1
from flask import Flask, render_template, request, redirect, url_for, session, flash
     ^^^^^

SyntaxError: Unexpected identifier 'flask'
    at wrapSafe (node:internal/modules/cjs/loader:1464:18)
    at Module._compile (node:internal/modules/cjs/loader:1495:20)
    at Module._extensions..js (node:internal/modules/cjs/loader:1623:10)
    at Module.load (node:internal/modules/cjs/loader:1266:32)
    at Module._load (node:internal/modules/cjs/loader:1091:12)
    at /usr/lib/node_modules/pm2/lib/ProcessContainer.js:292:27
    at wrapper (/usr/lib/node_modules/pm2/node_modules/async/internal/once.js:12:16)
    at next (/usr/lib/node_modules/pm2/node_modules/async/waterfall.js:96:20)
    at /usr/lib/node_modules/pm2/node_modules/async/internal/onlyOnce.js:12:16
    at WriteStream.<anonymous> (/usr/lib/node_modules/pm2/lib/Utility.js:186:13)
/home/ubuntu/grade_management/app.py:1
from flask import Flask, render_template, request, redirect, url_for, session, flash
     ^^^^^

SyntaxError: Unexpected identifier 'flask'
    at wrapSafe (node:internal/modules/cjs/loader:1464:18)
    at Module._compile (node:internal/modules/cjs/loader:1495:20)
    at Module._extensions..js (node:internal/modules/cjs/loader:1623:10)
    at Module.load (node:internal/modules/cjs/loader:1266:32)
    at Module._load (node:internal/modules/cjs/loader:1091:12)
    at /usr/lib/node_modules/pm2/lib/ProcessContainer.js:292:27
    at wrapper (/usr/lib/node_modules/pm2/node_modules/async/internal/once.js:12:16)
    at next (/usr/lib/node_modules/pm2/node_modules/async/waterfall.js:96:20)
    at /usr/lib/node_modules/pm2/node_modules/async/internal/onlyOnce.js:12:16
    at WriteStream.<anonymous> (/usr/lib/node_modules/pm2/lib/Utility.js:186:13)
/home/ubuntu/grade_management/app.py:1
from flask import Flask, render_template, request, redirect, url_for, session, flash
     ^^^^^

SyntaxError: Unexpected identifier 'flask'
    at wrapSafe (node:internal/modules/cjs/loader:1464:18)
    at Module._compile (node:internal/modules/cjs/loader:1495:20)
    at Module._extensions..js (node:internal/modules/cjs/loader:1623:10)
    at Module.load (node:internal/modules/cjs/loader:1266:32)
    at Module._load (node:internal/modules/cjs/loader:1091:12)
    at /usr/lib/node_modules/pm2/lib/ProcessContainer.js:292:27
    at wrapper (/usr/lib/node_modules/pm2/node_modules/async/internal/once.js:12:16)
    at next (/usr/lib/node_modules/pm2/node_modules/async/waterfall.js:96:20)
    at /usr/lib/node_modules/pm2/node_modules/async/internal/onlyOnce.js:12:16
    at WriteStream.<anonymous> (/usr/lib/node_modules/pm2/lib/Utility.js:186:13)
/home/ubuntu/grade_management/app.py:1
from flask import Flask, render_template, request, redirect, url_for, session, flash
     ^^^^^

SyntaxError: Unexpected identifier 'flask'
    at wrapSafe (node:internal/modules/cjs/loader:1464:18)
    at Module._compile (node:internal/modules/cjs/loader:1495:20)
    at Module._extensions..js (node:internal/modules/cjs/loader:1623:10)
    at Module.load (node:internal/modules/cjs/loader:1266:32)
    at Module._load (node:internal/modules/cjs/loader:1091:12)
    at /usr/lib/node_modules/pm2/lib/ProcessContainer.js:292:27
    at wrapper (/usr/lib/node_modules/pm2/node_modules/async/internal/once.js:12:16)
    at next (/usr/lib/node_modules/pm2/node_modules/async/waterfall.js:96:20)
    at /usr/lib/node_modules/pm2/node_modules/async/internal/onlyOnce.js:12:16
    at WriteStream.<anonymous> (/usr/lib/node_modules/pm2/lib/Utility.js:186:13)
/home/ubuntu/grade_management/app.py:1
from flask import Flask, render_template, request, redirect, url_for, session, flash
     ^^^^^

SyntaxError: Unexpected identifier 'flask'
    at wrapSafe (node:internal/modules/cjs/loader:1464:18)
    at Module._compile (node:internal/modules/cjs/loader:1495:20)
    at Module._extensions..js (node:internal/modules/cjs/loader:1623:10)
    at Module.load (node:internal/modules/cjs/loader:1266:32)
    at Module._load (node:internal/modules/cjs/loader:1091:12)
    at /usr/lib/node_modules/pm2/lib/ProcessContainer.js:292:27
    at wrapper (/usr/lib/node_modules/pm2/node_modules/async/internal/once.js:12:16)
    at next (/usr/lib/node_modules/pm2/node_modules/async/waterfall.js:96:20)
    at /usr/lib/node_modules/pm2/node_modules/async/internal/onlyOnce.js:12:16
    at WriteStream.<anonymous> (/usr/lib/node_modules/pm2/lib/Utility.js:186:13)
/home/ubuntu/grade_management/app.py:1
from flask import Flask, render_template, request, redirect, url_for, session, flash
     ^^^^^

SyntaxError: Unexpected identifier 'flask'
    at wrapSafe (node:internal/modules/cjs/loader:1464:18)
    at Module._compile (node:internal/modules/cjs/loader:1495:20)
    at Module._extensions..js (node:internal/modules/cjs/loader:1623:10)
    at Module.load (node:internal/modules/cjs/loader:1266:32)
    at Module._load (node:internal/modules/cjs/loader:1091:12)
    at /usr/lib/node_modules/pm2/lib/ProcessContainer.js:292:27
    at wrapper (/usr/lib/node_modules/pm2/node_modules/async/internal/once.js:12:16)
    at next (/usr/lib/node_modules/pm2/node_modules/async/waterfall.js:96:20)
    at /usr/lib/node_modules/pm2/node_modules/async/internal/onlyOnce.js:12:16
    at WriteStream.<anonymous> (/usr/lib/node_modules/pm2/lib/Utility.js:186:13)
/home/ubuntu/grade_management/app.py:1
from flask import Flask, render_template, request, redirect, url_for, session, flash
     ^^^^^

SyntaxError: Unexpected identifier 'flask'
    at wrapSafe (node:internal/modules/cjs/loader:1464:18)
    at Module._compile (node:internal/modules/cjs/loader:1495:20)
    at Module._extensions..js (node:internal/modules/cjs/loader:1623:10)
    at Module.load (node:internal/modules/cjs/loader:1266:32)
    at Module._load (node:internal/modules/cjs/loader:1091:12)
    at /usr/lib/node_modules/pm2/lib/ProcessContainer.js:292:27
    at wrapper (/usr/lib/node_modules/pm2/node_modules/async/internal/once.js:12:16)
    at next (/usr/lib/node_modules/pm2/node_modules/async/waterfall.js:96:20)
    at /usr/lib/node_modules/pm2/node_modules/async/internal/onlyOnce.js:12:16
    at WriteStream.<anonymous> (/usr/lib/node_modules/pm2/lib/Utility.js:186:13)
/home/ubuntu/grade_management/app.py:1
from flask import Flask, render_template, request, redirect, url_for, session, flash
     ^^^^^

SyntaxError: Unexpected identifier 'flask'
    at wrapSafe (node:internal/modules/cjs/loader:1464:18)
    at Module._compile (node:internal/modules/cjs/loader:1495:20)
    at Module._extensions..js (node:internal/modules/cjs/loader:1623:10)
    at Module.load (node:internal/modules/cjs/loader:1266:32)
    at Module._load (node:internal/modules/cjs/loader:1091:12)
    at /usr/lib/node_modules/pm2/lib/ProcessContainer.js:292:27
    at wrapper (/usr/lib/node_modules/pm2/node_modules/async/internal/once.js:12:16)
    at next (/usr/lib/node_modules/pm2/node_modules/async/waterfall.js:96:20)
    at /usr/lib/node_modules/pm2/node_modules/async/internal/onlyOnce.js:12:16
    at WriteStream.<anonymous> (/usr/lib/node_modules/pm2/lib/Utility.js:186:13)
/home/ubuntu/grade_management/app.py:1
from flask import Flask, render_template, request, redirect, url_for, session, flash
     ^^^^^

SyntaxError: Unexpected identifier 'flask'
    at wrapSafe (node:internal/modules/cjs/loader:1464:18)
    at Module._compile (node:internal/modules/cjs/loader:1495:20)
    at Module._extensions..js (node:internal/modules/cjs/loader:1623:10)
    at Module.load (node:internal/modules/cjs/loader:1266:32)
    at Module._load (node:internal/modules/cjs/loader:1091:12)
    at /usr/lib/node_modules/pm2/lib/ProcessContainer.js:292:27
    at wrapper (/usr/lib/node_modules/pm2/node_modules/async/internal/once.js:12:16)
    at next (/usr/lib/node_modules/pm2/node_modules/async/waterfall.js:96:20)
    at /usr/lib/node_modules/pm2/node_modules/async/internal/onlyOnce.js:12:16
    at WriteStream.<anonymous> (/usr/lib/node_modules/pm2/lib/Utility.js:186:13)
/home/ubuntu/grade_management/app.py:1
from flask import Flask, render_template, request, redirect, url_for, session, flash
     ^^^^^

SyntaxError: Unexpected identifier 'flask'
    at wrapSafe (node:internal/modules/cjs/loader:1464:18)
    at Module._compile (node:internal/modules/cjs/loader:1495:20)
    at Module._extensions..js (node:internal/modules/cjs/loader:1623:10)
    at Module.load (node:internal/modules/cjs/loader:1266:32)
    at Module._load (node:internal/modules/cjs/loader:1091:12)
    at /usr/lib/node_modules/pm2/lib/ProcessContainer.js:292:27
    at wrapper (/usr/lib/node_modules/pm2/node_modules/async/internal/once.js:12:16)
    at next (/usr/lib/node_modules/pm2/node_modules/async/waterfall.js:96:20)
    at /usr/lib/node_modules/pm2/node_modules/async/internal/onlyOnce.js:12:16
    at WriteStream.<anonymous> (/usr/lib/node_modules/pm2/lib/Utility.js:186:13)
